2025-12-16T12:38:54.560-03:00  INFO 196777 --- [controle_estoque] [restartedMain] w.c.ControleEstoqueApplication           : Starting ControleEstoqueApplication using Java 24.0.2 with PID 196777 (/home/guilhermy/Área de trabalho/PWEB2_GERENCIAMENTO_ESTOQUE/controle_estoque/target/classes started by guilhermy in /home/guilhermy/Área de trabalho/PWEB2_GERENCIAMENTO_ESTOQUE)
2025-12-16T12:38:54.568-03:00  INFO 196777 --- [controle_estoque] [restartedMain] w.c.ControleEstoqueApplication           : No active profile set, falling back to 1 default profile: "default"
2025-12-16T12:38:54.740-03:00  INFO 196777 --- [controle_estoque] [restartedMain] .e.DevToolsPropertyDefaultsPostProcessor : Devtools property defaults active! Set 'spring.devtools.add-properties' to 'false' to disable
2025-12-16T12:38:54.740-03:00  INFO 196777 --- [controle_estoque] [restartedMain] .e.DevToolsPropertyDefaultsPostProcessor : For additional web related logging consider setting the 'logging.level.web' property to 'DEBUG'
2025-12-16T12:38:55.443-03:00  INFO 196777 --- [controle_estoque] [restartedMain] .s.d.r.c.RepositoryConfigurationDelegate : Bootstrapping Spring Data JPA repositories in DEFAULT mode.
2025-12-16T12:38:55.505-03:00  INFO 196777 --- [controle_estoque] [restartedMain] .s.d.r.c.RepositoryConfigurationDelegate : Finished Spring Data repository scanning in 57 ms. Found 4 JPA repository interfaces.
2025-12-16T12:38:55.943-03:00  INFO 196777 --- [controle_estoque] [restartedMain] o.s.b.w.e.t.TomcatWebServer              : Tomcat initialized with port 8080 (http)
2025-12-16T12:38:55.956-03:00  INFO 196777 --- [controle_estoque] [restartedMain] o.a.c.c.StandardService                  : Starting service [Tomcat]
2025-12-16T12:38:55.956-03:00  INFO 196777 --- [controle_estoque] [restartedMain] o.a.c.c.StandardEngine                   : Starting Servlet engine: [Apache Tomcat/10.1.48]
2025-12-16T12:38:55.985-03:00  INFO 196777 --- [controle_estoque] [restartedMain] o.a.c.c.C.[.[.[/]                        : Initializing Spring embedded WebApplicationContext
2025-12-16T12:38:55.985-03:00  INFO 196777 --- [controle_estoque] [restartedMain] w.s.c.ServletWebServerApplicationContext : Root WebApplicationContext: initialization completed in 1244 ms
2025-12-16T12:38:56.290-03:00  INFO 196777 --- [controle_estoque] [restartedMain] c.z.h.HikariDataSource                   : HikariPool-1 - Starting...
2025-12-16T12:38:56.391-03:00  INFO 196777 --- [controle_estoque] [restartedMain] c.z.h.p.HikariPool                       : HikariPool-1 - Added connection org.postgresql.jdbc.PgConnection@2a99d8e1
2025-12-16T12:38:56.392-03:00  INFO 196777 --- [controle_estoque] [restartedMain] c.z.h.HikariDataSource                   : HikariPool-1 - Start completed.
2025-12-16T12:38:56.410-03:00  INFO 196777 --- [controle_estoque] [restartedMain] o.f.c.FlywayExecutor                     : Database: jdbc:postgresql://localhost:5432/sge_db (PostgreSQL 17.0)
2025-12-16T12:38:56.450-03:00  INFO 196777 --- [controle_estoque] [restartedMain] o.f.c.i.c.DbValidate                     : Successfully validated 1 migration (execution time 00:00.021s)
2025-12-16T12:38:56.482-03:00  INFO 196777 --- [controle_estoque] [restartedMain] o.f.c.i.c.DbMigrate                      : Current version of schema "public": 1
2025-12-16T12:38:56.485-03:00  INFO 196777 --- [controle_estoque] [restartedMain] o.f.c.i.c.DbMigrate                      : Schema "public" is up to date. No migration necessary.
2025-12-16T12:38:56.760-03:00  INFO 196777 --- [controle_estoque] [restartedMain] o.s.o.j.p.SpringPersistenceUnitInfo      : No LoadTimeWeaver setup: ignoring JPA class transformer
2025-12-16T12:38:57.315-03:00  INFO 196777 --- [controle_estoque] [restartedMain] j.LocalContainerEntityManagerFactoryBean : Initialized JPA EntityManagerFactory for persistence unit 'default'
2025-12-16T12:38:57.548-03:00  INFO 196777 --- [controle_estoque] [restartedMain] o.s.d.j.r.q.QueryEnhancerFactory         : Hibernate is in classpath; If applicable, HQL parser will be used.
2025-12-16T12:38:58.053-03:00  INFO 196777 --- [controle_estoque] [restartedMain] o.s.b.a.w.s.WelcomePageHandlerMapping    : Adding welcome page template: index
2025-12-16T12:38:58.248-03:00  INFO 196777 --- [controle_estoque] [restartedMain] o.s.b.a.e.w.EndpointLinksResolver        : Exposing 1 endpoint beneath base path '/actuator'
2025-12-16T12:38:58.267-03:00  INFO 196777 --- [controle_estoque] [restartedMain] r$InitializeUserDetailsManagerConfigurer : Global AuthenticationManager configured with UserDetailsService bean with name empresaUserDetailsService
2025-12-16T12:38:58.550-03:00  INFO 196777 --- [controle_estoque] [restartedMain] o.s.b.d.a.OptionalLiveReloadServer       : LiveReload server is running on port 35729
2025-12-16T12:38:58.597-03:00  INFO 196777 --- [controle_estoque] [restartedMain] o.s.b.w.e.t.TomcatWebServer              : Tomcat started on port 8080 (http) with context path '/'
2025-12-16T12:38:58.606-03:00  INFO 196777 --- [controle_estoque] [restartedMain] w.c.ControleEstoqueApplication           : Started ControleEstoqueApplication in 4.387 seconds (process running for 4.943)
2025-12-16T12:39:00.513-03:00  INFO 196777 --- [controle_estoque] [RMI TCP Connection(2)-127.0.0.1] o.a.c.c.C.[.[.[/]                        : Initializing Spring DispatcherServlet 'dispatcherServlet'
2025-12-16T12:39:00.513-03:00  INFO 196777 --- [controle_estoque] [RMI TCP Connection(2)-127.0.0.1] o.s.w.s.DispatcherServlet                : Initializing Servlet 'dispatcherServlet'
2025-12-16T12:39:00.514-03:00  INFO 196777 --- [controle_estoque] [RMI TCP Connection(2)-127.0.0.1] o.s.w.s.DispatcherServlet                : Completed initialization in 1 ms
2025-12-16T12:42:00.218-03:00  INFO 196777 --- [controle_estoque] [File Watcher] rtingClassPathChangeChangedEventListener : Restarting due to 1 class path change (0 additions, 0 deletions, 1 modification)
2025-12-16T12:42:00.221-03:00  INFO 196777 --- [controle_estoque] [Thread-5] o.s.b.w.e.t.GracefulShutdown             : Commencing graceful shutdown. Waiting for active requests to complete
2025-12-16T12:42:00.224-03:00  INFO 196777 --- [controle_estoque] [tomcat-shutdown] o.s.b.w.e.t.GracefulShutdown             : Graceful shutdown complete
2025-12-16T12:42:00.245-03:00  INFO 196777 --- [controle_estoque] [Thread-5] j.LocalContainerEntityManagerFactoryBean : Closing JPA EntityManagerFactory for persistence unit 'default'
2025-12-16T12:42:00.251-03:00  INFO 196777 --- [controle_estoque] [Thread-5] c.z.h.HikariDataSource                   : HikariPool-1 - Shutdown initiated...
2025-12-16T12:42:00.255-03:00  INFO 196777 --- [controle_estoque] [Thread-5] c.z.h.HikariDataSource                   : HikariPool-1 - Shutdown completed.
2025-12-16T12:42:00.370-03:00  INFO 196777 --- [controle_estoque] [restartedMain] w.c.ControleEstoqueApplication           : Starting ControleEstoqueApplication using Java 24.0.2 with PID 196777 (/home/guilhermy/Área de trabalho/PWEB2_GERENCIAMENTO_ESTOQUE/controle_estoque/target/classes started by guilhermy in /home/guilhermy/Área de trabalho/PWEB2_GERENCIAMENTO_ESTOQUE)
2025-12-16T12:42:00.371-03:00  INFO 196777 --- [controle_estoque] [restartedMain] w.c.ControleEstoqueApplication           : No active profile set, falling back to 1 default profile: "default"
2025-12-16T12:42:00.562-03:00  INFO 196777 --- [controle_estoque] [restartedMain] .s.d.r.c.RepositoryConfigurationDelegate : Bootstrapping Spring Data JPA repositories in DEFAULT mode.
2025-12-16T12:42:00.571-03:00  INFO 196777 --- [controle_estoque] [restartedMain] .s.d.r.c.RepositoryConfigurationDelegate : Finished Spring Data repository scanning in 7 ms. Found 4 JPA repository interfaces.
2025-12-16T12:42:00.632-03:00  INFO 196777 --- [controle_estoque] [restartedMain] o.s.b.w.e.t.TomcatWebServer              : Tomcat initialized with port 8080 (http)
2025-12-16T12:42:00.633-03:00  INFO 196777 --- [controle_estoque] [restartedMain] o.a.c.c.StandardService                  : Starting service [Tomcat]
2025-12-16T12:42:00.633-03:00  INFO 196777 --- [controle_estoque] [restartedMain] o.a.c.c.StandardEngine                   : Starting Servlet engine: [Apache Tomcat/10.1.48]
2025-12-16T12:42:00.641-03:00  INFO 196777 --- [controle_estoque] [restartedMain] o.a.c.c.C.[.[.[/]                        : Initializing Spring embedded WebApplicationContext
2025-12-16T12:42:00.642-03:00  INFO 196777 --- [controle_estoque] [restartedMain] w.s.c.ServletWebServerApplicationContext : Root WebApplicationContext: initialization completed in 268 ms
2025-12-16T12:42:00.686-03:00  INFO 196777 --- [controle_estoque] [restartedMain] c.z.h.HikariDataSource                   : HikariPool-2 - Starting...
2025-12-16T12:42:00.700-03:00  INFO 196777 --- [controle_estoque] [restartedMain] c.z.h.p.HikariPool                       : HikariPool-2 - Added connection org.postgresql.jdbc.PgConnection@5b6af6a4
2025-12-16T12:42:00.700-03:00  INFO 196777 --- [controle_estoque] [restartedMain] c.z.h.HikariDataSource                   : HikariPool-2 - Start completed.
2025-12-16T12:42:00.701-03:00  INFO 196777 --- [controle_estoque] [restartedMain] o.f.c.FlywayExecutor                     : Database: jdbc:postgresql://localhost:5432/sge_db (PostgreSQL 17.0)
2025-12-16T12:42:00.710-03:00  INFO 196777 --- [controle_estoque] [restartedMain] o.f.c.i.c.DbValidate                     : Successfully validated 1 migration (execution time 00:00.004s)
2025-12-16T12:42:00.727-03:00  INFO 196777 --- [controle_estoque] [restartedMain] o.f.c.i.c.DbMigrate                      : Current version of schema "public": 1
2025-12-16T12:42:00.729-03:00  INFO 196777 --- [controle_estoque] [restartedMain] o.f.c.i.c.DbMigrate                      : Schema "public" is up to date. No migration necessary.
2025-12-16T12:42:00.748-03:00  INFO 196777 --- [controle_estoque] [restartedMain] o.s.o.j.p.SpringPersistenceUnitInfo      : No LoadTimeWeaver setup: ignoring JPA class transformer
2025-12-16T12:42:00.836-03:00  INFO 196777 --- [controle_estoque] [restartedMain] j.LocalContainerEntityManagerFactoryBean : Initialized JPA EntityManagerFactory for persistence unit 'default'
2025-12-16T12:42:00.938-03:00  INFO 196777 --- [controle_estoque] [restartedMain] o.s.b.a.w.s.WelcomePageHandlerMapping    : Adding welcome page template: index
2025-12-16T12:42:00.990-03:00  INFO 196777 --- [controle_estoque] [restartedMain] o.s.b.a.e.w.EndpointLinksResolver        : Exposing 1 endpoint beneath base path '/actuator'
2025-12-16T12:42:00.999-03:00  INFO 196777 --- [controle_estoque] [restartedMain] r$InitializeUserDetailsManagerConfigurer : Global AuthenticationManager configured with UserDetailsService bean with name empresaUserDetailsService
2025-12-16T12:42:01.073-03:00  INFO 196777 --- [controle_estoque] [restartedMain] o.s.b.d.a.OptionalLiveReloadServer       : LiveReload server is running on port 35729
2025-12-16T12:42:01.086-03:00  INFO 196777 --- [controle_estoque] [restartedMain] o.s.b.w.e.t.TomcatWebServer              : Tomcat started on port 8080 (http) with context path '/'
2025-12-16T12:42:01.091-03:00  INFO 196777 --- [controle_estoque] [restartedMain] w.c.ControleEstoqueApplication           : Started ControleEstoqueApplication in 0.757 seconds (process running for 187.429)
2025-12-16T12:42:01.096-03:00  INFO 196777 --- [controle_estoque] [restartedMain] .ConditionEvaluationDeltaLoggingListener : Condition evaluation unchanged
2025-12-16T12:42:03.839-03:00  INFO 196777 --- [controle_estoque] [SpringApplicationShutdownHook] o.s.b.w.e.t.GracefulShutdown             : Commencing graceful shutdown. Waiting for active requests to complete
2025-12-16T12:42:03.841-03:00  INFO 196777 --- [controle_estoque] [tomcat-shutdown] o.s.b.w.e.t.GracefulShutdown             : Graceful shutdown complete
2025-12-16T12:42:03.848-03:00  INFO 196777 --- [controle_estoque] [SpringApplicationShutdownHook] j.LocalContainerEntityManagerFactoryBean : Closing JPA EntityManagerFactory for persistence unit 'default'
2025-12-16T12:42:03.849-03:00  INFO 196777 --- [controle_estoque] [SpringApplicationShutdownHook] c.z.h.HikariDataSource                   : HikariPool-2 - Shutdown initiated...
2025-12-16T12:42:03.851-03:00  INFO 196777 --- [controle_estoque] [SpringApplicationShutdownHook] c.z.h.HikariDataSource                   : HikariPool-2 - Shutdown completed.
2025-12-16T12:46:18.238-03:00  INFO 206501 --- [controle_estoque] [restartedMain] w.c.ControleEstoqueApplication           : Starting ControleEstoqueApplication using Java 24.0.2 with PID 206501 (/home/guilhermy/Área de trabalho/PWEB2_GERENCIAMENTO_ESTOQUE/controle_estoque/target/classes started by guilhermy in /home/guilhermy/Área de trabalho/PWEB2_GERENCIAMENTO_ESTOQUE)
2025-12-16T12:46:18.242-03:00  INFO 206501 --- [controle_estoque] [restartedMain] w.c.ControleEstoqueApplication           : No active profile set, falling back to 1 default profile: "default"
2025-12-16T12:46:18.410-03:00  INFO 206501 --- [controle_estoque] [restartedMain] .e.DevToolsPropertyDefaultsPostProcessor : Devtools property defaults active! Set 'spring.devtools.add-properties' to 'false' to disable
2025-12-16T12:46:18.410-03:00  INFO 206501 --- [controle_estoque] [restartedMain] .e.DevToolsPropertyDefaultsPostProcessor : For additional web related logging consider setting the 'logging.level.web' property to 'DEBUG'
2025-12-16T12:46:19.119-03:00  INFO 206501 --- [controle_estoque] [restartedMain] .s.d.r.c.RepositoryConfigurationDelegate : Bootstrapping Spring Data JPA repositories in DEFAULT mode.
2025-12-16T12:46:19.169-03:00  INFO 206501 --- [controle_estoque] [restartedMain] .s.d.r.c.RepositoryConfigurationDelegate : Finished Spring Data repository scanning in 41 ms. Found 4 JPA repository interfaces.
2025-12-16T12:46:19.635-03:00  INFO 206501 --- [controle_estoque] [restartedMain] o.s.b.w.e.t.TomcatWebServer              : Tomcat initialized with port 8080 (http)
2025-12-16T12:46:19.647-03:00  INFO 206501 --- [controle_estoque] [restartedMain] o.a.c.c.StandardService                  : Starting service [Tomcat]
2025-12-16T12:46:19.647-03:00  INFO 206501 --- [controle_estoque] [restartedMain] o.a.c.c.StandardEngine                   : Starting Servlet engine: [Apache Tomcat/10.1.48]
2025-12-16T12:46:19.677-03:00  INFO 206501 --- [controle_estoque] [restartedMain] o.a.c.c.C.[.[.[/]                        : Initializing Spring embedded WebApplicationContext
2025-12-16T12:46:19.677-03:00  INFO 206501 --- [controle_estoque] [restartedMain] w.s.c.ServletWebServerApplicationContext : Root WebApplicationContext: initialization completed in 1267 ms
2025-12-16T12:46:19.961-03:00  INFO 206501 --- [controle_estoque] [restartedMain] c.z.h.HikariDataSource                   : HikariPool-1 - Starting...
2025-12-16T12:46:20.053-03:00  INFO 206501 --- [controle_estoque] [restartedMain] c.z.h.p.HikariPool                       : HikariPool-1 - Added connection org.postgresql.jdbc.PgConnection@3bb47d3d
2025-12-16T12:46:20.054-03:00  INFO 206501 --- [controle_estoque] [restartedMain] c.z.h.HikariDataSource                   : HikariPool-1 - Start completed.
2025-12-16T12:46:20.072-03:00  INFO 206501 --- [controle_estoque] [restartedMain] o.f.c.FlywayExecutor                     : Database: jdbc:postgresql://localhost:5432/sge_db (PostgreSQL 17.0)
2025-12-16T12:46:20.104-03:00  INFO 206501 --- [controle_estoque] [restartedMain] o.f.c.i.c.DbValidate                     : Successfully validated 1 migration (execution time 00:00.017s)
2025-12-16T12:46:20.131-03:00  INFO 206501 --- [controle_estoque] [restartedMain] o.f.c.i.c.DbMigrate                      : Current version of schema "public": 1
2025-12-16T12:46:20.133-03:00  INFO 206501 --- [controle_estoque] [restartedMain] o.f.c.i.c.DbMigrate                      : Schema "public" is up to date. No migration necessary.
2025-12-16T12:46:20.405-03:00  INFO 206501 --- [controle_estoque] [restartedMain] o.s.o.j.p.SpringPersistenceUnitInfo      : No LoadTimeWeaver setup: ignoring JPA class transformer
2025-12-16T12:46:20.970-03:00  INFO 206501 --- [controle_estoque] [restartedMain] j.LocalContainerEntityManagerFactoryBean : Initialized JPA EntityManagerFactory for persistence unit 'default'
2025-12-16T12:46:21.233-03:00  INFO 206501 --- [controle_estoque] [restartedMain] o.s.d.j.r.q.QueryEnhancerFactory         : Hibernate is in classpath; If applicable, HQL parser will be used.
2025-12-16T12:46:21.686-03:00  INFO 206501 --- [controle_estoque] [restartedMain] o.s.b.a.w.s.WelcomePageHandlerMapping    : Adding welcome page template: index
2025-12-16T12:46:21.898-03:00  INFO 206501 --- [controle_estoque] [restartedMain] o.s.b.a.e.w.EndpointLinksResolver        : Exposing 1 endpoint beneath base path '/actuator'
2025-12-16T12:46:21.919-03:00  INFO 206501 --- [controle_estoque] [restartedMain] r$InitializeUserDetailsManagerConfigurer : Global AuthenticationManager configured with UserDetailsService bean with name empresaUserDetailsService
2025-12-16T12:46:22.210-03:00  INFO 206501 --- [controle_estoque] [restartedMain] o.s.b.d.a.OptionalLiveReloadServer       : LiveReload server is running on port 35729
2025-12-16T12:46:22.258-03:00  INFO 206501 --- [controle_estoque] [restartedMain] o.s.b.w.e.t.TomcatWebServer              : Tomcat started on port 8080 (http) with context path '/'
2025-12-16T12:46:22.268-03:00  INFO 206501 --- [controle_estoque] [restartedMain] w.c.ControleEstoqueApplication           : Started ControleEstoqueApplication in 4.369 seconds (process running for 4.99)
2025-12-16T12:46:24.053-03:00  INFO 206501 --- [controle_estoque] [RMI TCP Connection(2)-127.0.0.1] o.a.c.c.C.[.[.[/]                        : Initializing Spring DispatcherServlet 'dispatcherServlet'
2025-12-16T12:46:24.053-03:00  INFO 206501 --- [controle_estoque] [RMI TCP Connection(2)-127.0.0.1] o.s.w.s.DispatcherServlet                : Initializing Servlet 'dispatcherServlet'
2025-12-16T12:46:24.054-03:00  INFO 206501 --- [controle_estoque] [RMI TCP Connection(2)-127.0.0.1] o.s.w.s.DispatcherServlet                : Completed initialization in 1 ms
2025-12-16T12:46:54.992-03:00  INFO 206501 --- [controle_estoque] [SpringApplicationShutdownHook] o.s.b.w.e.t.GracefulShutdown             : Commencing graceful shutdown. Waiting for active requests to complete
2025-12-16T12:46:54.995-03:00  INFO 206501 --- [controle_estoque] [tomcat-shutdown] o.s.b.w.e.t.GracefulShutdown             : Graceful shutdown complete
2025-12-16T12:46:55.008-03:00  INFO 206501 --- [controle_estoque] [SpringApplicationShutdownHook] j.LocalContainerEntityManagerFactoryBean : Closing JPA EntityManagerFactory for persistence unit 'default'
2025-12-16T12:46:55.011-03:00  INFO 206501 --- [controle_estoque] [SpringApplicationShutdownHook] c.z.h.HikariDataSource                   : HikariPool-1 - Shutdown initiated...
2025-12-16T12:46:55.013-03:00  INFO 206501 --- [controle_estoque] [SpringApplicationShutdownHook] c.z.h.HikariDataSource                   : HikariPool-1 - Shutdown completed.
